<?xml version="1.0" encoding="UTF-8"?>
<!-- Generated by org.testng.reporters.JUnitReportReporter -->
<testsuite hostname="DESKTOP-96MNN89" failures="0" tests="2" name="com.saurcelab.sort.Level_19_Sort_Asc_Desc" time="1.276" errors="0" timestamp="19 thg 1 2023 14:15:11 GMT" skipped="0">
  <testcase classname="com.saurcelab.sort.Level_19_Sort_Asc_Desc" name="TC_01_Name" time="0.595"/>
  <testcase classname="com.saurcelab.sort.Level_19_Sort_Asc_Desc" name="TC_02_Price" time="0.681"/>
</testsuite> <!-- com.saurcelab.sort.Level_19_Sort_Asc_Desc -->
