<?xml version="1.0" encoding="UTF-8"?>
<!-- Generated by org.testng.reporters.JUnitReportReporter -->
<testsuite hostname="DESKTOP-96MNN89" failures="0" tests="3" name="com.nopcommerce.user.Level_18_Pattern_Object" time="6.234" errors="0" timestamp="19 thg 1 2023 14:13:16 GMT" skipped="0">
  <testcase classname="com.nopcommerce.user.Level_18_Pattern_Object" name="User_01_Register" time="3.843"/>
  <testcase classname="com.nopcommerce.user.Level_18_Pattern_Object" name="User_03_My_Account" time="0.673"/>
  <testcase classname="com.nopcommerce.user.Level_18_Pattern_Object" name="User_02_Login" time="1.718"/>
</testsuite> <!-- com.nopcommerce.user.Level_18_Pattern_Object -->
